 
     =--------------------------------------------------------=
     =********************************************************=
     =*                                                      *=
     =*        XtalCalculator - Crys(X)tal Calculator        *=
     =*               Copyright (C) 2013-2015                *=
     =*                                                      *=
     =********************************************************=
     =--------------------------------------------------------=
     =********************************************************=
     =*                                                      *=
     =*  Version      : 2.1.0-rev001                         *=
     =*  Revision     : rev001                               *=
     =*  Developer    : Anandavadivel Rajesh Prashanth       *=
     =*  E-mail       : rajeshprasanth@rediffmail.com        *=
     =*                                                      *=
     =********************************************************=
     =--------------------------------------------------------=
 
     Input file  : NaCl.in                  
     Output file : NaCl.out                 
 
     Data from input file
 
     Bravais lattice : Simple Cubic cell
 
     Intercepts : 
 
     a      :          5.620000000 (ang)
     b      :          5.620000000 (ang)
     c      :          5.620000000 (ang)
 
     --------------------------------------------------------
 
     Interfacial angles : 
 
     alpha :         90.0000 (deg)
     beta  :         90.0000 (deg)
     gamma :         90.0000 (deg)
 
     --------------------------------------------------------
 
     Primitive vectors (ang):
 
         5.620000000         0.000000000         0.000000000
         0.000000000         5.620000000         0.000000000
         0.000000000         0.000000000         5.620000000
 
     Unit cell volume :       177.504333496 (ang^3)
 
     --------------------------------------------------------
 
     Primitive vectors (bohr):
 
        10.620265053         0.000000000         0.000000000
         0.000000000        10.620265053         0.000000000
         0.000000000         0.000000000        10.620265053
 
     Unit cell volume :      1197.860048890 (bohr^3)
 
     --------------------------------------------------------
 
     Reciprocal vectors (ang):
 
         1.118004503         0.000000000         0.000000000
         0.000000000         1.118004503         0.000000000
         0.000000000         0.000000000         1.118004503
 
     Reciprocal cell volume :         1.397431970 (ang^3)
 
     --------------------------------------------------------
 
     Reciprocal vectors (bohr):
 
         2.112723159         0.000000000         0.000000000
         0.000000000         2.112723159         0.000000000
         0.000000000         0.000000000         2.112723159
 
     Reciprocal cell volume :         9.430349640 (bohr^3)
 
     =--------------------------------------------------------=
     Terminated sucessfully !
     =--------------------------------------------------------=
