 
     =--------------------------------------------------------=
     =********************************************************=
     =*                                                      *=
     =*        XtalCalculator - Crys(X)tal Calculator        *=
     =*               Copyright (C) 2013-2015                *=
     =*                                                      *=
     =********************************************************=
     =--------------------------------------------------------=
     =********************************************************=
     =*                                                      *=
     =*  Version      : 2.1.0-rev001                         *=
     =*  Revision     : rev001                               *=
     =*  Developer    : Anandavadivel Rajesh Prashanth       *=
     =*  E-mail       : rajeshprasanth@rediffmail.com        *=
     =*                                                      *=
     =********************************************************=
     =--------------------------------------------------------=
 
     Input file  : ZnS.in                   
     Output file : ZnS.out                  
 
     Data from input file
 
Bravais lattice : Body centered Cubic cell
 
     Intercepts : 
 
     a      :          5.414500000 (ang)
     b      :          5.414500000 (ang)
     c      :          5.414500000 (ang)
 
     --------------------------------------------------------
 
     Interfacial angles : 
 
     alpha :         90.0000 (deg)
     beta  :         90.0000 (deg)
     gamma :         90.0000 (deg)
 
     --------------------------------------------------------
 
     Primitive vectors (ang):
 
         2.707250000         2.707250000         2.707250000
        -2.707250000         2.707250000         2.707250000
        -2.707250000        -2.707250000         2.707250000
 
     Unit cell volume :        79.367935181 (ang^3)
 
     --------------------------------------------------------
 
     Primitive vectors (bohr):
 
         5.115963090         5.115963090         5.115963090
        -5.115963090         5.115963090         5.115963090
        -5.115963090        -5.115963090         5.115963090
 
     Unit cell volume :       535.602015135 (bohr^3)
 
     --------------------------------------------------------
 
     Reciprocal vectors (ang):
 
         1.160436847         0.000000000         1.160436847
        -1.160436847         1.160436847         0.000000000
         0.000000000        -1.160436847         1.160436847
 
     Reciprocal cell volume :         3.125320196 (ang^3)
 
     --------------------------------------------------------
 
     Reciprocal vectors (bohr):
 
         2.192908699         0.000000000         2.192908699
        -2.192908699         2.192908699         0.000000000
         0.000000000        -2.192908699         2.192908699
 
     Reciprocal cell volume :        21.090731303 (bohr^3)
 
     =--------------------------------------------------------=
     Terminated sucessfully !
     =--------------------------------------------------------=
