 
     =--------------------------------------------------------=
     =********************************************************=
     =*                                                      *=
     =*        XtalCalculator - Crys(X)tal Calculator        *=
     =*               Copyright (C) 2013-2015                *=
     =*                                                      *=
     =********************************************************=
     =--------------------------------------------------------=
     =********************************************************=
     =*                                                      *=
     =*  Version      : 2.1.0-rev001                         *=
     =*  Revision     : rev001                               *=
     =*  Developer    : Anandavadivel Rajesh Prashanth       *=
     =*  E-mail       : rajeshprasanth@rediffmail.com        *=
     =*                                                      *=
     =********************************************************=
     =--------------------------------------------------------=
 
     Input file  : Cu.in                    
     Output file : Cu.out                   
 
     Data from input file
 
     Bravais lattice : Face centered Cubic cell
 
     Intercepts : 
 
     a      :          3.614960000 (ang)
     b      :          3.614960000 (ang)
     c      :          3.614960000 (ang)
 
     --------------------------------------------------------
 
     Interfacial angles : 
 
     alpha :         90.0000 (deg)
     beta  :         90.0000 (deg)
     gamma :         90.0000 (deg)
 
     --------------------------------------------------------
 
     Primitive vectors (ang):
 
        -1.807480000         0.000000000         1.807480000
         0.000000000         1.807480000         1.807480000
        -1.807480000         1.807480000         0.000000000
 
     Unit cell volume :        11.810016632 (ang^3)
 
     --------------------------------------------------------
 
     Primitive vectors (bohr):
 
        -3.415643537         0.000000000         3.415643537
         0.000000000         3.415643537         3.415643537
        -3.415643537         3.415643537         0.000000000
 
     Unit cell volume :        79.698037911 (bohr^3)
 
     --------------------------------------------------------
 
     Reciprocal vectors (ang):
 
        -1.738106454        -1.738106454         1.738106454
         1.738106454         1.738106454         1.738106454
        -1.738106454         1.738106454        -1.738106454
 
     Reciprocal cell volume :        21.003376007 (ang^3)
 
     --------------------------------------------------------
 
     Reciprocal vectors (bohr):
 
        -3.284546483        -3.284546483         3.284546483
         3.284546483         3.284546483         3.284546483
        -3.284546483         3.284546483        -3.284546483
 
     Reciprocal cell volume :       141.737976280 (bohr^3)
 
     =--------------------------------------------------------=
     Terminated sucessfully !
     =--------------------------------------------------------=
