This file contains any messages produced by compilers while
running configure, to aid debugging if configure makes a mistake.

It was created by XtalCalculator configure 2.1.0-rev001, which was
generated by GNU Autoconf 2.68.  Invocation command line was

  $ ./Install/configure 

## --------- ##
## Platform. ##
## --------- ##

hostname = ubuntu
uname -m = i686
uname -r = 3.2.0-23-generic-pae
uname -s = Linux
uname -v = #36-Ubuntu SMP Tue Apr 10 22:19:09 UTC 2012

/usr/bin/uname -p = unknown
/bin/uname -X     = unknown

/bin/arch              = unknown
/usr/bin/arch -k       = unknown
/usr/convex/getsysinfo = unknown
/usr/bin/hostinfo      = unknown
/bin/machine           = unknown
/usr/bin/oslevel       = unknown
/bin/universe          = unknown

PATH: /usr/bin/uspex
PATH: /home/aanand/Desktop/XCrySDen-1.5.24-bin-semishared
PATH: /usr/lib/lightdm/lightdm
PATH: /usr/local/sbin
PATH: /usr/local/bin
PATH: /usr/sbin
PATH: /usr/bin
PATH: /sbin
PATH: /bin
PATH: /usr/games
PATH: /home/aanand/Desktop/XCrySDen-1.5.24-bin-semishared/scripts
PATH: /home/aanand/Desktop/XCrySDen-1.5.24-bin-semishared/util


## ----------- ##
## Core tests. ##
## ----------- ##

configure:1914: checking build system type
configure:1928: result: i686-pc-linux-gnu
configure:1948: checking host system type
configure:1961: result: i686-pc-linux-gnu
configure:1995: checking for a BSD-compatible install
configure:2063: result: /usr/bin/install -c
configure:2074: checking for a thread-safe mkdir -p
configure:2113: result: /bin/mkdir -p
configure:2116: checking whether make sets $(MAKE)
configure:2138: result: yes
configure:2147: checking whether ln -s works
configure:2151: result: yes
configure:2158: checking for a sed that does not truncate output
configure:2222: result: /bin/sed
configure:2231: checking for gawk
configure:2247: found /usr/bin/gawk
configure:2258: result: gawk
configure:2269: checking for grep that handles long lines and -e
configure:2327: result: /bin/grep
configure:2332: checking for egrep
configure:2394: result: /bin/grep -E
configure:2442: checking for ranlib
configure:2458: found /usr/bin/ranlib
configure:2469: result: ranlib
configure:2495: checking for ar
configure:2511: found /usr/bin/ar
configure:2522: result: ar
configure:2537: checking for tar
configure:2553: found /bin/tar
configure:2564: result: tar
configure:2579: checking for wget
configure:2595: found /usr/bin/wget
configure:2606: result: wget
configure:2692: checking for ifort
configure:2722: result: no
configure:2692: checking for pgf90
configure:2722: result: no
configure:2692: checking for pathf95
configure:2722: result: no
configure:2692: checking for sunf95
configure:2722: result: no
configure:2692: checking for openf95
configure:2722: result: no
configure:2692: checking for gfortran
configure:2708: found /usr/bin/gfortran
configure:2719: result: gfortran
configure:2745: checking for Fortran compiler version
configure:2754: gfortran --version >&5
GNU Fortran (Ubuntu/Linaro 4.6.3-1ubuntu5) 4.6.3
Copyright (C) 2011 Free Software Foundation, Inc.

GNU Fortran comes with NO WARRANTY, to the extent permitted by law.
You may redistribute copies of GNU Fortran
under the terms of the GNU General Public License.
For more information about these matters, see the file named COPYING

configure:2765: $? = 0
configure:2754: gfortran -v >&5
Using built-in specs.
COLLECT_GCC=gfortran
COLLECT_LTO_WRAPPER=/usr/lib/gcc/i686-linux-gnu/4.6/lto-wrapper
Target: i686-linux-gnu
Configured with: ../src/configure -v --with-pkgversion='Ubuntu/Linaro 4.6.3-1ubuntu5' --with-bugurl=file:///usr/share/doc/gcc-4.6/README.Bugs --enable-languages=c,c++,fortran,objc,obj-c++ --prefix=/usr --program-suffix=-4.6 --enable-shared --enable-linker-build-id --with-system-zlib --libexecdir=/usr/lib --without-included-gettext --enable-threads=posix --with-gxx-include-dir=/usr/include/c++/4.6 --libdir=/usr/lib --enable-nls --with-sysroot=/ --enable-clocale=gnu --enable-libstdcxx-debug --enable-libstdcxx-time=yes --enable-gnu-unique-object --enable-plugin --enable-objc-gc --enable-targets=all --disable-werror --with-arch-32=i686 --with-tune=generic --enable-checking=release --build=i686-linux-gnu --host=i686-linux-gnu --target=i686-linux-gnu
Thread model: posix
gcc version 4.6.3 (Ubuntu/Linaro 4.6.3-1ubuntu5) 
configure:2765: $? = 0
configure:2754: gfortran -V >&5
gfortran: error: unrecognized option '-V'
gfortran: fatal error: no input files
compilation terminated.
configure:2765: $? = 4
configure:2754: gfortran -qversion >&5
gfortran: error: unrecognized option '-qversion'
gfortran: fatal error: no input files
compilation terminated.
configure:2765: $? = 4
configure:2780: checking whether the Fortran compiler works
configure:2802: gfortran    conftest.f  >&5
configure:2806: $? = 0
configure:2854: result: yes
configure:2857: checking for Fortran compiler default output file name
configure:2859: result: a.out
configure:2865: checking for suffix of executables
configure:2872: gfortran -o conftest    conftest.f  >&5
configure:2876: $? = 0
configure:2898: result: 
configure:2914: checking whether we are cross compiling
configure:2922: gfortran -o conftest    conftest.f  >&5
configure:2926: $? = 0
configure:2933: ./conftest
configure:2937: $? = 0
configure:2952: result: no
configure:2957: checking for suffix of object files
configure:2973: gfortran -c   conftest.f >&5
configure:2977: $? = 0
configure:2998: result: o
configure:3006: checking whether we are using the GNU Fortran compiler
configure:3019: gfortran -c   conftest.F >&5
configure:3019: $? = 0
configure:3028: result: yes
configure:3034: checking whether gfortran accepts -g
configure:3045: gfortran -c -g  conftest.f >&5
configure:3045: $? = 0
configure:3053: result: yes
configure:3082: checking for Fortran flag needed to accept free-form source
configure:3101: gfortran -c -g -O2  conftest.f >&5
conftest.f:2.3:

  program freeform                                                      
   1
Error: Non-numeric character in statement label at (1)
conftest.f:2.3:

  program freeform                                                      
   1
Error: Unclassifiable statement at (1)
conftest.f:4.25:

       print *, 'Hello ', &                                             
                         1
Error: Expected expression in PRINT statement at (1)
conftest.f:5.11:

          'world.'                                                      
           1
Error: Invalid character in name at (1)
configure:3101: $? = 1
configure: failed program was:
| 
|   program freeform
|        ! FIXME: how to best confuse non-freeform compilers?
|        print *, 'Hello ', &
|           'world.'
|        end
configure:3101: gfortran -c -g -O2 -ffree-form  conftest.f >&5
configure:3101: $? = 0
configure:3110: result: -ffree-form
configure:3220: checking for icc
configure:3250: result: no
configure:3220: checking for pgcc
configure:3250: result: no
configure:3220: checking for pathcc
configure:3250: result: no
configure:3220: checking for suncc
configure:3250: result: no
configure:3220: checking for opencc
configure:3250: result: no
configure:3220: checking for gcc
configure:3236: found /usr/bin/gcc
configure:3247: result: gcc
configure:3263: WARNING: using cross tools not prefixed with host triplet
configure:3278: checking for C compiler version
configure:3287: gcc --version >&5
gcc (Ubuntu/Linaro 4.6.3-1ubuntu5) 4.6.3
Copyright (C) 2011 Free Software Foundation, Inc.
This is free software; see the source for copying conditions.  There is NO
warranty; not even for MERCHANTABILITY or FITNESS FOR A PARTICULAR PURPOSE.

configure:3298: $? = 0
configure:3287: gcc -v >&5
Using built-in specs.
COLLECT_GCC=gcc
COLLECT_LTO_WRAPPER=/usr/lib/gcc/i686-linux-gnu/4.6/lto-wrapper
Target: i686-linux-gnu
Configured with: ../src/configure -v --with-pkgversion='Ubuntu/Linaro 4.6.3-1ubuntu5' --with-bugurl=file:///usr/share/doc/gcc-4.6/README.Bugs --enable-languages=c,c++,fortran,objc,obj-c++ --prefix=/usr --program-suffix=-4.6 --enable-shared --enable-linker-build-id --with-system-zlib --libexecdir=/usr/lib --without-included-gettext --enable-threads=posix --with-gxx-include-dir=/usr/include/c++/4.6 --libdir=/usr/lib --enable-nls --with-sysroot=/ --enable-clocale=gnu --enable-libstdcxx-debug --enable-libstdcxx-time=yes --enable-gnu-unique-object --enable-plugin --enable-objc-gc --enable-targets=all --disable-werror --with-arch-32=i686 --with-tune=generic --enable-checking=release --build=i686-linux-gnu --host=i686-linux-gnu --target=i686-linux-gnu
Thread model: posix
gcc version 4.6.3 (Ubuntu/Linaro 4.6.3-1ubuntu5) 
configure:3298: $? = 0
configure:3287: gcc -V >&5
gcc: error: unrecognized option '-V'
gcc: fatal error: no input files
compilation terminated.
configure:3298: $? = 4
configure:3287: gcc -qversion >&5
gcc: error: unrecognized option '-qversion'
gcc: fatal error: no input files
compilation terminated.
configure:3298: $? = 4
configure:3302: checking whether we are using the GNU C compiler
configure:3321: gcc -c   conftest.c >&5
configure:3321: $? = 0
configure:3330: result: yes
configure:3339: checking whether gcc accepts -g
configure:3359: gcc -c -g  conftest.c >&5
configure:3359: $? = 0
configure:3400: result: yes
configure:3417: checking for gcc option to accept ISO C89
configure:3481: gcc  -c -g -O2  conftest.c >&5
configure:3481: $? = 0
configure:3494: result: none needed
configure:3541: checking for dvips
configure:3571: result: no
configure:3579: WARNING: Configuring without DVI2PS
configure:3586: checking for doxygen
configure:3602: found /usr/local/bin/doxygen
configure:3613: result: doxygen
configure:3631: checking for dvipdf
configure:3647: found /usr/bin/dvipdf
configure:3658: result: dvipdf
configure:3676: checking for latex
configure:3706: result: no
configure:3714: WARNING: Configuring without LATEX
configure:3721: checking for patch
configure:3751: result: no
configure:3759: WARNING: Configuring without PATCH
configure:3766: checking for ps2pdf
configure:3782: found /usr/bin/ps2pdf
configure:3793: result: ps2pdf
configure:4052: creating ./config.status

## ---------------------- ##
## Running config.status. ##
## ---------------------- ##

This file was extended by XtalCalculator config.status 2.1.0-rev001, which was
generated by GNU Autoconf 2.68.  Invocation command line was

  CONFIG_FILES    = 
  CONFIG_HEADERS  = 
  CONFIG_LINKS    = 
  CONFIG_COMMANDS = 
  $ ./config.status 

on ubuntu

config.status:789: creating make.inc
config.status:789: creating configure.msg

## ---------------- ##
## Cache variables. ##
## ---------------- ##

ac_cv_build=i686-pc-linux-gnu
ac_cv_c_compiler_gnu=yes
ac_cv_env_CC_set=
ac_cv_env_CC_value=
ac_cv_env_CFLAGS_set=
ac_cv_env_CFLAGS_value=
ac_cv_env_CPPFLAGS_set=
ac_cv_env_CPPFLAGS_value=
ac_cv_env_FCFLAGS_set=
ac_cv_env_FCFLAGS_value=
ac_cv_env_FC_set=
ac_cv_env_FC_value=
ac_cv_env_LDFLAGS_set=
ac_cv_env_LDFLAGS_value=
ac_cv_env_LIBS_set=
ac_cv_env_LIBS_value=
ac_cv_env_build_alias_set=
ac_cv_env_build_alias_value=
ac_cv_env_host_alias_set=
ac_cv_env_host_alias_value=
ac_cv_env_target_alias_set=
ac_cv_env_target_alias_value=
ac_cv_fc_compiler_gnu=yes
ac_cv_fc_freeform=-ffree-form
ac_cv_host=i686-pc-linux-gnu
ac_cv_objext=o
ac_cv_path_EGREP='/bin/grep -E'
ac_cv_path_GREP=/bin/grep
ac_cv_path_SED=/bin/sed
ac_cv_path_install='/usr/bin/install -c'
ac_cv_path_mkdir=/bin/mkdir
ac_cv_prog_AR=ar
ac_cv_prog_AWK=gawk
ac_cv_prog_DOXYGEN=doxygen
ac_cv_prog_DVI2PDF=dvipdf
ac_cv_prog_PS2PDF=ps2pdf
ac_cv_prog_TAR=tar
ac_cv_prog_WGET=wget
ac_cv_prog_ac_ct_CC=gcc
ac_cv_prog_ac_ct_FC=gfortran
ac_cv_prog_ac_ct_RANLIB=ranlib
ac_cv_prog_cc_c89=
ac_cv_prog_cc_g=yes
ac_cv_prog_fc_g=yes
ac_cv_prog_make_make_set=yes

## ----------------- ##
## Output variables. ##
## ----------------- ##

AR='ar'
AWK='gawk'
CC='gcc'
CFLAGS='-g -O2'
CPPFLAGS=''
DEFS='-DPACKAGE_NAME=\"XtalCalculator\" -DPACKAGE_TARNAME=\"xtalcalculator\" -DPACKAGE_VERSION=\"2.1.0-rev001\" -DPACKAGE_STRING=\"XtalCalculator\ 2.1.0-rev001\" -DPACKAGE_BUGREPORT=\"rajeshprasanth@rediffmail.com\" -DPACKAGE_URL=\"\"'
DOXYGEN='doxygen'
DVI2PDF='dvipdf'
DVI2PS=''
ECHO_C=''
ECHO_N='-n'
ECHO_T=''
EGREP='/bin/grep -E'
EXEEXT=''
FC='gfortran'
FCFLAGS='-g -O2 -ffree-form'
GREP='/bin/grep'
INSTALL_DATA='${INSTALL} -m 644'
INSTALL_PROGRAM='${INSTALL}'
INSTALL_SCRIPT='${INSTALL}'
LATEX=''
LDFLAGS=''
LIBOBJS=''
LIBS=''
LN_S='ln -s'
LTLIBOBJS=''
MKDIR_P='/bin/mkdir -p'
OBJEXT='o'
PACKAGE_BUGREPORT='rajeshprasanth@rediffmail.com'
PACKAGE_NAME='XtalCalculator'
PACKAGE_STRING='XtalCalculator 2.1.0-rev001'
PACKAGE_TARNAME='xtalcalculator'
PACKAGE_URL=''
PACKAGE_VERSION='2.1.0-rev001'
PATCH=''
PATH_SEPARATOR=':'
PS2PDF='ps2pdf'
RANLIB='ranlib'
SED='/bin/sed'
SET_MAKE=''
SHELL='/bin/bash'
TAR='tar'
WGET='wget'
ac_ct_CC='gcc'
ac_ct_FC='gfortran'
ar='ar'
arflags='ruv'
awk='gawk'
bindir='${exec_prefix}/bin'
build='i686-pc-linux-gnu'
build_alias=''
build_cpu='i686'
build_os='linux-gnu'
build_vendor='pc'
buildcpu='linux-gnu'
buildos=''
buildvendor=''
cc='gcc'
cflags='-g'
datadir='${datarootdir}'
datarootdir='${prefix}/share'
docdir='${datarootdir}/doc/${PACKAGE_TARNAME}'
dvidir='${docdir}'
egrep='/bin/grep -E'
exec_prefix='${prefix}'
fc='gfortran'
fcflags='-g -O2 -ffree-form'
fcmodflag='-I'
grep='/bin/grep'
host='i686-pc-linux-gnu'
host_alias=''
host_cpu='i686'
host_os='linux-gnu'
host_vendor='pc'
hostcpu='i686'
hostos='linux-gnu'
hostvendor='pc'
htmldir='${docdir}'
includedir='${prefix}/include'
infodir='${datarootdir}/info'
install='/usr/bin/install -c'
libdir='${exec_prefix}/lib'
libexecdir='${exec_prefix}/libexec'
lns='ln -s'
localedir='${datarootdir}/locale'
localstatedir='${prefix}/var'
makedir='/bin/mkdir -p'
mandir='${datarootdir}/man'
oldincludedir='/usr/include'
pdfdir='${docdir}'
prefix='/usr/local'
program_transform_name='s,x,x,'
psdir='${docdir}'
ranlib='ranlib'
sbindir='${exec_prefix}/sbin'
sed='/bin/sed'
sharedstatedir='${prefix}/com'
sysconfdir='${prefix}/etc'
tar='tar'
target_alias=''
wget='wget'

## ----------- ##
## confdefs.h. ##
## ----------- ##

/* confdefs.h */
#define PACKAGE_NAME "XtalCalculator"
#define PACKAGE_TARNAME "xtalcalculator"
#define PACKAGE_VERSION "2.1.0-rev001"
#define PACKAGE_STRING "XtalCalculator 2.1.0-rev001"
#define PACKAGE_BUGREPORT "rajeshprasanth@rediffmail.com"
#define PACKAGE_URL ""

configure: exit 0
